
  [4;36;1mSQL (28.1ms)[0m   [0;1mSET SQL_AUTO_IS_NULL=0[0m
  [4;35;1mSQL (28.4ms)[0m   [0mSHOW TABLES[0m
  [4;36;1mSQL (431.8ms)[0m   [0;1mCREATE TABLE `schema_migrations` (`version` varchar(255) NOT NULL) ENGINE=InnoDB[0m
  [4;35;1mSQL (421.0ms)[0m   [0mCREATE UNIQUE INDEX `unique_schema_migrations` ON `schema_migrations` (`version`)[0m
  [4;36;1mSQL (0.3ms)[0m   [0;1mSHOW TABLES[0m
  [4;35;1mSQL (1.0ms)[0m   [0mSHOW TABLES[0m
  [4;36;1mSQL (0.2ms)[0m   [0;1mSELECT version FROM schema_migrations[0m
  [4;35;1mSQL (0.1ms)[0m   [0mSHOW TABLES[0m
  [4;36;1mSQL (0.3ms)[0m   [0;1mSET SQL_AUTO_IS_NULL=0[0m


Processing HomeController#index (for 127.0.0.1 at 2010-08-02 21:27:34) [GET]
Rendering template within layouts/application
Rendering home/index

ActionView::TemplateError (undefined local variable or method `organization_name' for #<ActionView::Base:0x10359cd20>) on line #7 of app/views/layouts/application.html.haml:
4:     = yield :header
5: 
6:     %link{ :href => "/images/favicon.ico", :rel => "shortcut icon" }
7:     %title= "#{organization_name}"
8:     = render :partial => "layouts/google_analytics"
9:   %body{:class => body_classes}
10:     .container

    app/views/layouts/application.html.haml:7:in `_run_haml_app47views47layouts47application46html46haml'
    haml (2.3.0) [v] lib/haml/helpers/action_view_mods.rb:13:in `render'
    haml (2.3.0) [v] lib/haml/helpers/action_view_mods.rb:13:in `render'
    haml (2.3.0) [v] lib/sass/plugin/rails.rb:19:in `process_without_compass'
    compass (0.8.17) [v] lib/compass/app_integration/rails/action_controller.rb:7:in `process'

Rendered rescues/_trace (98.9ms)
Rendered rescues/_request_and_response (1.0ms)
Rendering rescues/layout (internal_server_error)
  [4;35;1mSQL (0.1ms)[0m   [0mSET SQL_AUTO_IS_NULL=0[0m


Processing HomeController#index (for 127.0.0.1 at 2010-08-02 21:29:50) [GET]
Rendering template within layouts/application
Rendering home/index

ActionView::TemplateError (Missing layout layouts/_google_analytics.erb in view path app/views) on line #8 of app/views/layouts/application.html.haml:
5: 
6:     %link{ :href => "/images/favicon.ico", :rel => "shortcut icon" }
7:     / %title= "#{organization_name}"
8:     = render :partial => "layouts/google_analytics"
9:   %body{:class => body_classes}
10:     .container
11:       #header

    haml (2.3.0) [v] lib/haml/helpers/action_view_mods.rb:11:in `render'
    haml (2.3.0) [v] lib/haml/helpers.rb:96:in `non_haml'
    haml (2.3.0) [v] lib/haml/helpers/action_view_mods.rb:11:in `render'
    app/views/layouts/application.html.haml:8:in `_run_haml_app47views47layouts47application46html46haml'
    haml (2.3.0) [v] lib/haml/helpers/action_view_mods.rb:13:in `render'
    haml (2.3.0) [v] lib/haml/helpers/action_view_mods.rb:13:in `render'
    haml (2.3.0) [v] lib/sass/plugin/rails.rb:19:in `process_without_compass'
    compass (0.8.17) [v] lib/compass/app_integration/rails/action_controller.rb:7:in `process'

Rendered rescues/_trace (41.6ms)
Rendered rescues/_request_and_response (0.3ms)
Rendering rescues/layout (internal_server_error)
  [4;36;1mSQL (0.1ms)[0m   [0;1mSET SQL_AUTO_IS_NULL=0[0m


Processing HomeController#index (for 127.0.0.1 at 2010-08-02 21:30:03) [GET]
Rendering template within layouts/application
Rendering home/index

ActionView::TemplateError (undefined local variable or method `body_classes' for #<ActionView::Base:0x10336bce0>) on line #9 of app/views/layouts/application.html.haml:
6:     %link{ :href => "/images/favicon.ico", :rel => "shortcut icon" }
7:     / %title= "#{organization_name}"
8:     / = render :partial => "layouts/google_analytics"
9:   %body{:class => body_classes}
10:     .container
11:       #header
12:         = render :partial => 'application/logo'

    app/views/layouts/application.html.haml:9:in `_run_haml_app47views47layouts47application46html46haml'
    haml (2.3.0) [v] lib/haml/helpers/action_view_mods.rb:13:in `render'
    haml (2.3.0) [v] lib/haml/helpers/action_view_mods.rb:13:in `render'
    haml (2.3.0) [v] lib/sass/plugin/rails.rb:19:in `process_without_compass'
    compass (0.8.17) [v] lib/compass/app_integration/rails/action_controller.rb:7:in `process'

Rendered rescues/_trace (39.6ms)
Rendered rescues/_request_and_response (0.3ms)
Rendering rescues/layout (internal_server_error)
  [4;35;1mSQL (0.1ms)[0m   [0mSET SQL_AUTO_IS_NULL=0[0m


Processing HomeController#index (for 127.0.0.1 at 2010-08-02 21:30:46) [GET]
Rendering template within layouts/application
Rendering home/index

ActionView::TemplateError (undefined local variable or method `body_classes' for #<ActionView::Base:0x1034c4c40>) on line #9 of app/views/layouts/application.html.haml:
6:     %link{ :href => "/images/favicon.ico", :rel => "shortcut icon" }
7:     / %title= "#{organization_name}"
8:     / = render :partial => "layouts/google_analytics"
9:   %body{:class => body_classes}
10:     .container
11:       #header
12:         / = render :partial => 'application/logo'

    app/views/layouts/application.html.haml:9:in `_run_haml_app47views47layouts47application46html46haml'
    haml (2.3.0) [v] lib/haml/helpers/action_view_mods.rb:13:in `render'
    haml (2.3.0) [v] lib/haml/helpers/action_view_mods.rb:13:in `render'
    haml (2.3.0) [v] lib/sass/plugin/rails.rb:19:in `process_without_compass'
    compass (0.8.17) [v] lib/compass/app_integration/rails/action_controller.rb:7:in `process'

Rendered rescues/_trace (104.1ms)
Rendered rescues/_request_and_response (0.3ms)
Rendering rescues/layout (internal_server_error)
  [4;36;1mSQL (0.1ms)[0m   [0;1mSET SQL_AUTO_IS_NULL=0[0m


Processing HomeController#index (for 127.0.0.1 at 2010-08-02 21:31:06) [GET]
Rendering template within layouts/application
Rendering home/index
Completed in 6ms (View: 5, DB: 0) | 200 OK [http://localhost/home]
  [4;35;1mSQL (0.1ms)[0m   [0mSET SQL_AUTO_IS_NULL=0[0m


Processing ApplicationController#index (for 127.0.0.1 at 2010-08-02 21:31:06) [GET]

ActionController::RoutingError (No route matches "/images/favicon.ico" with {:method=>:get}):
  

Rendering rescues/layout (not_found)
  [4;36;1mSQL (0.2ms)[0m   [0;1mSET SQL_AUTO_IS_NULL=0[0m
  [4;35;1mSQL (21.1ms)[0m   [0mSHOW TABLES[0m
  [4;36;1mSQL (105.8ms)[0m   [0;1mSELECT version FROM schema_migrations[0m
Migrating to CreateImages (20100803014348)
  [4;35;1mSQL (94.4ms)[0m   [0mCREATE TABLE `images` (`id` int(11) DEFAULT NULL auto_increment PRIMARY KEY, `category_id` int(11), `width` int(11), `height` int(11), `name` varchar(255), `description` varchar(255), `url` varchar(255), `created_at` datetime, `updated_at` datetime) ENGINE=InnoDB[0m
  [4;36;1mSQL (67.6ms)[0m   [0;1mINSERT INTO schema_migrations (version) VALUES ('20100803014348')[0m
  [4;35;1mSQL (0.4ms)[0m   [0mSHOW TABLES[0m
  [4;36;1mSQL (0.2ms)[0m   [0;1mSELECT version FROM schema_migrations[0m
  [4;35;1mSQL (0.2ms)[0m   [0mSHOW TABLES[0m
  [4;36;1mSQL (7.0ms)[0m   [0;1mSHOW FIELDS FROM `images`[0m
  [4;35;1mSQL (1.3ms)[0m   [0mdescribe `images`[0m
  [4;36;1mSQL (31.4ms)[0m   [0;1mSHOW KEYS FROM `images`[0m
  [4;36;1mSQL (0.1ms)[0m   [0;1mSET SQL_AUTO_IS_NULL=0[0m


Processing HomeController#index (for 127.0.0.1 at 2010-08-02 22:59:17) [GET]
  [4;35;1mImages Load (18.5ms)[0m   [0mSELECT * FROM `images` [0m
Rendering template within layouts/application
Rendering home/index
Completed in 54ms (View: 31, DB: 19) | 200 OK [http://localhost/home]
  [4;36;1mSQL (0.1ms)[0m   [0;1mSET SQL_AUTO_IS_NULL=0[0m


Processing ApplicationController#index (for 127.0.0.1 at 2010-08-02 22:59:17) [GET]

ActionController::RoutingError (No route matches "/images/favicon.ico" with {:method=>:get}):
  

Rendering rescues/layout (not_found)
  [4;35;1mSQL (0.1ms)[0m   [0mSET SQL_AUTO_IS_NULL=0[0m


Processing ApplicationController#index (for 127.0.0.1 at 2010-08-02 22:59:20) [GET]

ActionController::RoutingError (No route matches "/images/favicon.ico" with {:method=>:get}):
  

Rendering rescues/layout (not_found)
  [4;36;1mSQL (0.2ms)[0m   [0;1mSET SQL_AUTO_IS_NULL=0[0m
  [4;35;1mImages Load (0.4ms)[0m   [0mSELECT * FROM `images` [0m
  [4;36;1mImages Columns (1.3ms)[0m   [0;1mSHOW FIELDS FROM `images`[0m
  [4;35;1mSQL (0.1ms)[0m   [0mBEGIN[0m
  [4;36;1mImages Create (15.5ms)[0m   [0;1mINSERT INTO `images` (`name`, `created_at`, `updated_at`, `url`, `category_id`, `height`, `description`, `width`) VALUES('First Image', '2010-08-03 03:01:46', '2010-08-03 03:01:46', 'http://www.photosbycook.com/Portraits/812010CookFamily/Merged/955292688_zmtPm-X3.jpg', NULL, NULL, 'Here is some desc', NULL)[0m
  [4;35;1mSQL (0.4ms)[0m   [0mCOMMIT[0m
  [4;36;1mImages Load (0.4ms)[0m   [0;1mSELECT * FROM `images` [0m
  [4;36;1mSQL (0.1ms)[0m   [0;1mSET SQL_AUTO_IS_NULL=0[0m


Processing HomeController#index (for 127.0.0.1 at 2010-08-02 23:01:59) [GET]
  [4;35;1mImages Load (0.5ms)[0m   [0mSELECT * FROM `images` [0m
Rendering template within layouts/application
Rendering home/index
  [4;36;1mImages Columns (1.0ms)[0m   [0;1mSHOW FIELDS FROM `images`[0m
Completed in 8ms (View: 3, DB: 2) | 200 OK [http://localhost/home]
  [4;35;1mSQL (0.2ms)[0m   [0mBEGIN[0m
  [4;36;1mImages Create (0.3ms)[0m   [0;1mINSERT INTO `images` (`name`, `created_at`, `updated_at`, `url`, `category_id`, `height`, `description`, `width`) VALUES('Second Image', '2010-08-03 03:03:18', '2010-08-03 03:03:18', 'http://www.photosbycook.com/Portraits/812010CookFamily/IMG4630/955320774_j5DHK-X3.jpg', NULL, NULL, 'Here is the second some desc', NULL)[0m
  [4;35;1mSQL (0.4ms)[0m   [0mCOMMIT[0m
  [4;35;1mSQL (0.1ms)[0m   [0mSET SQL_AUTO_IS_NULL=0[0m


Processing HomeController#index (for 127.0.0.1 at 2010-08-02 23:03:26) [GET]
  [4;36;1mImages Load (0.3ms)[0m   [0;1mSELECT * FROM `images` [0m
Rendering template within layouts/application
Rendering home/index
  [4;35;1mImages Columns (1.0ms)[0m   [0mSHOW FIELDS FROM `images`[0m
Completed in 7ms (View: 2, DB: 1) | 200 OK [http://localhost/home]
  [4;36;1mSQL (0.1ms)[0m   [0;1mSET SQL_AUTO_IS_NULL=0[0m


Processing HomeController#index (for 127.0.0.1 at 2010-08-02 23:05:50) [GET]
  [4;35;1mImages Load (0.3ms)[0m   [0mSELECT * FROM `images` [0m
Rendering template within layouts/application
Rendering home/index
  [4;36;1mImages Columns (1.0ms)[0m   [0;1mSHOW FIELDS FROM `images`[0m
Completed in 11ms (View: 7, DB: 1) | 200 OK [http://localhost/home]
  [4;35;1mSQL (1.1ms)[0m   [0mSET SQL_AUTO_IS_NULL=0[0m


Processing ApplicationController#index (for 127.0.0.1 at 2010-08-02 23:05:50) [GET]

ActionController::RoutingError (No route matches "/stylesheets/jquery-ui-1.7.2.css" with {:method=>:get}):
  

Rendering rescues/layout (not_found)
  [4;36;1mSQL (0.1ms)[0m   [0;1mSET SQL_AUTO_IS_NULL=0[0m


Processing HomeController#index (for 127.0.0.1 at 2010-08-02 23:09:55) [GET]
  [4;35;1mImages Load (0.3ms)[0m   [0mSELECT * FROM `images` [0m
Rendering template within layouts/application
Rendering home/index
  [4;36;1mImages Columns (1.0ms)[0m   [0;1mSHOW FIELDS FROM `images`[0m
Completed in 11ms (View: 7, DB: 1) | 200 OK [http://localhost/home]
  [4;35;1mSQL (0.1ms)[0m   [0mSET SQL_AUTO_IS_NULL=0[0m


Processing ApplicationController#index (for 127.0.0.1 at 2010-08-02 23:09:55) [GET]

ActionController::RoutingError (No route matches "/javascripts/bloomfire_credit_card.js" with {:method=>:get}):
  

Rendering rescues/layout (not_found)
  [4;36;1mSQL (0.1ms)[0m   [0;1mSET SQL_AUTO_IS_NULL=0[0m


Processing ApplicationController#index (for 127.0.0.1 at 2010-08-02 23:09:55) [GET]

ActionController::RoutingError (No route matches "/stylesheets/jquery-ui-1.7.2.css" with {:method=>:get}):
  

Rendering rescues/layout (not_found)
  [4;35;1mSQL (0.1ms)[0m   [0mSET SQL_AUTO_IS_NULL=0[0m


Processing ApplicationController#index (for 127.0.0.1 at 2010-08-02 23:09:55) [GET]

ActionController::RoutingError (No route matches "/stylesheets/jquery-ui-1.7.2.css" with {:method=>:get}):
  

Rendering rescues/layout (not_found)
  [4;36;1mSQL (0.1ms)[0m   [0;1mSET SQL_AUTO_IS_NULL=0[0m


Processing HomeController#index (for 127.0.0.1 at 2010-08-02 23:15:30) [GET]
  [4;35;1mImages Load (0.5ms)[0m   [0mSELECT * FROM `images` [0m
Rendering template within layouts/application
Rendering home/index
  [4;36;1mImages Columns (1.1ms)[0m   [0;1mSHOW FIELDS FROM `images`[0m
Completed in 14ms (View: 9, DB: 2) | 200 OK [http://localhost/home]
  [4;35;1mSQL (0.1ms)[0m   [0mSET SQL_AUTO_IS_NULL=0[0m


Processing HomeController#index (for 127.0.0.1 at 2010-08-02 23:15:30) [GET]
  [4;36;1mImages Load (0.3ms)[0m   [0;1mSELECT * FROM `images` [0m
Rendering template within layouts/application
Rendering home/index
  [4;35;1mImages Columns (1.0ms)[0m   [0mSHOW FIELDS FROM `images`[0m
Completed in 8ms (View: 4, DB: 1) | 200 OK [http://localhost/home]
  [4;36;1mSQL (0.4ms)[0m   [0;1mSET SQL_AUTO_IS_NULL=0[0m


Processing ApplicationController#index (for 127.0.0.1 at 2010-08-02 23:15:30) [GET]

ActionController::RoutingError (No route matches "/javascripts/prototype.js" with {:method=>:get}):
  

Rendering rescues/layout (not_found)
  [4;35;1mSQL (0.1ms)[0m   [0mSET SQL_AUTO_IS_NULL=0[0m


Processing ApplicationController#index (for 127.0.0.1 at 2010-08-02 23:15:30) [GET]

ActionController::RoutingError (No route matches "/javascripts/effects.js" with {:method=>:get}):
  

Rendering rescues/layout (not_found)
  [4;36;1mSQL (0.1ms)[0m   [0;1mSET SQL_AUTO_IS_NULL=0[0m


Processing ApplicationController#index (for 127.0.0.1 at 2010-08-02 23:15:30) [GET]

ActionController::RoutingError (No route matches "/javascripts/dragdrop.js" with {:method=>:get}):
  

Rendering rescues/layout (not_found)
  [4;35;1mSQL (0.1ms)[0m   [0mSET SQL_AUTO_IS_NULL=0[0m


Processing ApplicationController#index (for 127.0.0.1 at 2010-08-02 23:15:30) [GET]

ActionController::RoutingError (No route matches "/javascripts/controls.js" with {:method=>:get}):
  

Rendering rescues/layout (not_found)
  [4;36;1mSQL (0.1ms)[0m   [0;1mSET SQL_AUTO_IS_NULL=0[0m


Processing ApplicationController#index (for 127.0.0.1 at 2010-08-02 23:15:30) [GET]

ActionController::RoutingError (No route matches "/stylesheets/jquery-ui-1.7.2.css" with {:method=>:get}):
  

Rendering rescues/layout (not_found)
  [4;35;1mSQL (0.1ms)[0m   [0mSET SQL_AUTO_IS_NULL=0[0m


Processing ApplicationController#index (for 127.0.0.1 at 2010-08-02 23:15:30) [GET]

ActionController::RoutingError (No route matches "/javascripts/prototype.js" with {:method=>:get}):
  

Rendering rescues/layout (not_found)
  [4;36;1mSQL (0.1ms)[0m   [0;1mSET SQL_AUTO_IS_NULL=0[0m


Processing ApplicationController#index (for 127.0.0.1 at 2010-08-02 23:15:30) [GET]

ActionController::RoutingError (No route matches "/javascripts/effects.js" with {:method=>:get}):
  

Rendering rescues/layout (not_found)
  [4;35;1mSQL (0.1ms)[0m   [0mSET SQL_AUTO_IS_NULL=0[0m


Processing ApplicationController#index (for 127.0.0.1 at 2010-08-02 23:15:30) [GET]

ActionController::RoutingError (No route matches "/javascripts/dragdrop.js" with {:method=>:get}):
  

Rendering rescues/layout (not_found)
  [4;36;1mSQL (0.1ms)[0m   [0;1mSET SQL_AUTO_IS_NULL=0[0m


Processing ApplicationController#index (for 127.0.0.1 at 2010-08-02 23:15:30) [GET]

ActionController::RoutingError (No route matches "/javascripts/controls.js" with {:method=>:get}):
  

Rendering rescues/layout (not_found)
  [4;35;1mSQL (0.1ms)[0m   [0mSET SQL_AUTO_IS_NULL=0[0m


Processing ApplicationController#index (for 127.0.0.1 at 2010-08-02 23:15:30) [GET]

ActionController::RoutingError (No route matches "/stylesheets/jquery-ui-1.7.2.css" with {:method=>:get}):
  

Rendering rescues/layout (not_found)
  [4;36;1mSQL (0.1ms)[0m   [0;1mSET SQL_AUTO_IS_NULL=0[0m


Processing HomeController#index (for 127.0.0.1 at 2010-08-02 23:15:52) [GET]
  [4;35;1mImages Load (0.2ms)[0m   [0mSELECT * FROM `images` [0m
Rendering template within layouts/application
Rendering home/index
  [4;36;1mImages Columns (1.0ms)[0m   [0;1mSHOW FIELDS FROM `images`[0m
Completed in 12ms (View: 8, DB: 1) | 200 OK [http://localhost/home]
  [4;35;1mSQL (0.1ms)[0m   [0mSET SQL_AUTO_IS_NULL=0[0m


Processing HomeController#index (for 127.0.0.1 at 2010-08-02 23:18:15) [GET]
  [4;36;1mImages Load (0.3ms)[0m   [0;1mSELECT * FROM `images` [0m
Rendering template within layouts/application
Rendering home/index
  [4;35;1mImages Columns (1.0ms)[0m   [0mSHOW FIELDS FROM `images`[0m
Completed in 11ms (View: 7, DB: 1) | 200 OK [http://localhost/home]
  [4;36;1mSQL (0.1ms)[0m   [0;1mSET SQL_AUTO_IS_NULL=0[0m


Processing ApplicationController#index (for 127.0.0.1 at 2010-08-02 23:18:15) [GET]

ActionController::RoutingError (No route matches "/stylesheets/jquery-ui-1.7.2.css" with {:method=>:get}):
  

Rendering rescues/layout (not_found)
  [4;35;1mSQL (0.1ms)[0m   [0mSET SQL_AUTO_IS_NULL=0[0m


Processing ApplicationController#index (for 127.0.0.1 at 2010-08-02 23:18:15) [GET]

ActionController::RoutingError (No route matches "/stylesheets/jquery-ui-1.7.2.css" with {:method=>:get}):
  

Rendering rescues/layout (not_found)
  [4;36;1mSQL (0.1ms)[0m   [0;1mSET SQL_AUTO_IS_NULL=0[0m


Processing HomeController#index (for 127.0.0.1 at 2010-08-02 23:18:31) [GET]
  [4;35;1mImages Load (0.3ms)[0m   [0mSELECT * FROM `images` [0m
Rendering template within layouts/application
Rendering home/index
  [4;36;1mImages Columns (1.0ms)[0m   [0;1mSHOW FIELDS FROM `images`[0m
Completed in 8ms (View: 4, DB: 1) | 200 OK [http://localhost/home]
  [4;35;1mSQL (0.1ms)[0m   [0mSET SQL_AUTO_IS_NULL=0[0m


Processing ApplicationController#index (for 127.0.0.1 at 2010-08-02 23:18:31) [GET]

ActionController::RoutingError (No route matches "/stylesheets/jquery-ui-1.7.2.css" with {:method=>:get}):
  

Rendering rescues/layout (not_found)
  [4;36;1mSQL (0.1ms)[0m   [0;1mSET SQL_AUTO_IS_NULL=0[0m


Processing ApplicationController#index (for 127.0.0.1 at 2010-08-02 23:18:31) [GET]

ActionController::RoutingError (No route matches "/stylesheets/jquery-ui-1.7.2.css" with {:method=>:get}):
  

Rendering rescues/layout (not_found)
  [4;35;1mSQL (0.1ms)[0m   [0mSET SQL_AUTO_IS_NULL=0[0m


Processing HomeController#index (for 127.0.0.1 at 2010-08-02 23:29:42) [GET]
  [4;36;1mImages Load (0.3ms)[0m   [0;1mSELECT * FROM `images` [0m
Rendering template within layouts/application
Rendering home/index
  [4;35;1mImages Columns (1.0ms)[0m   [0mSHOW FIELDS FROM `images`[0m
Completed in 7ms (View: 3, DB: 1) | 200 OK [http://localhost/home]
  [4;36;1mSQL (0.1ms)[0m   [0;1mSET SQL_AUTO_IS_NULL=0[0m


Processing ApplicationController#index (for 127.0.0.1 at 2010-08-02 23:29:42) [GET]

ActionController::RoutingError (No route matches "/stylesheets/jquery-ui-1.7.2.css" with {:method=>:get}):
  

Rendering rescues/layout (not_found)
  [4;35;1mSQL (0.1ms)[0m   [0mSET SQL_AUTO_IS_NULL=0[0m


Processing ApplicationController#index (for 127.0.0.1 at 2010-08-02 23:29:42) [GET]

ActionController::RoutingError (No route matches "/stylesheets/jquery-ui-1.7.2.css" with {:method=>:get}):
  

Rendering rescues/layout (not_found)
  [4;36;1mSQL (0.1ms)[0m   [0;1mSET SQL_AUTO_IS_NULL=0[0m


Processing HomeController#index (for 127.0.0.1 at 2010-08-02 23:31:44) [GET]
  [4;35;1mImages Load (0.3ms)[0m   [0mSELECT * FROM `images` [0m
Rendering template within layouts/application
Rendering home/index
  [4;36;1mImages Columns (0.9ms)[0m   [0;1mSHOW FIELDS FROM `images`[0m
Completed in 7ms (View: 3, DB: 1) | 200 OK [http://localhost/home]
  [4;35;1mSQL (0.1ms)[0m   [0mSET SQL_AUTO_IS_NULL=0[0m


Processing ApplicationController#index (for 127.0.0.1 at 2010-08-02 23:31:44) [GET]

ActionController::RoutingError (No route matches "/stylesheets/jquery-ui-1.7.2.css" with {:method=>:get}):
  

Rendering rescues/layout (not_found)
  [4;36;1mSQL (0.1ms)[0m   [0;1mSET SQL_AUTO_IS_NULL=0[0m


Processing ApplicationController#index (for 127.0.0.1 at 2010-08-02 23:31:44) [GET]

ActionController::RoutingError (No route matches "/stylesheets/jquery-ui-1.7.2.css" with {:method=>:get}):
  

Rendering rescues/layout (not_found)
  [4;35;1mSQL (0.1ms)[0m   [0mSET SQL_AUTO_IS_NULL=0[0m


Processing HomeController#index (for 127.0.0.1 at 2010-08-02 23:32:00) [GET]
  [4;36;1mImages Load (0.3ms)[0m   [0;1mSELECT * FROM `images` [0m
Rendering template within layouts/application
Rendering home/index
  [4;35;1mImages Columns (1.0ms)[0m   [0mSHOW FIELDS FROM `images`[0m
Completed in 7ms (View: 3, DB: 1) | 200 OK [http://localhost/home]
  [4;36;1mSQL (0.1ms)[0m   [0;1mSET SQL_AUTO_IS_NULL=0[0m


Processing ApplicationController#index (for 127.0.0.1 at 2010-08-02 23:32:00) [GET]

ActionController::RoutingError (No route matches "/stylesheets/jquery-ui-1.7.2.css" with {:method=>:get}):
  

Rendering rescues/layout (not_found)
  [4;35;1mSQL (0.1ms)[0m   [0mSET SQL_AUTO_IS_NULL=0[0m


Processing ApplicationController#index (for 127.0.0.1 at 2010-08-02 23:32:00) [GET]

ActionController::RoutingError (No route matches "/stylesheets/jquery-ui-1.7.2.css" with {:method=>:get}):
  

Rendering rescues/layout (not_found)
  [4;36;1mSQL (0.1ms)[0m   [0;1mSET SQL_AUTO_IS_NULL=0[0m


Processing HomeController#index (for 127.0.0.1 at 2010-08-02 23:32:10) [GET]
  [4;35;1mImages Load (0.3ms)[0m   [0mSELECT * FROM `images` [0m
Rendering template within layouts/application
Rendering home/index
  [4;36;1mImages Columns (1.1ms)[0m   [0;1mSHOW FIELDS FROM `images`[0m
Completed in 8ms (View: 4, DB: 1) | 200 OK [http://localhost/home]
  [4;35;1mSQL (0.1ms)[0m   [0mSET SQL_AUTO_IS_NULL=0[0m


Processing ApplicationController#index (for 127.0.0.1 at 2010-08-02 23:32:11) [GET]

ActionController::RoutingError (No route matches "/stylesheets/jquery-ui-1.7.2.css" with {:method=>:get}):
  

Rendering rescues/layout (not_found)
  [4;36;1mSQL (0.1ms)[0m   [0;1mSET SQL_AUTO_IS_NULL=0[0m


Processing ApplicationController#index (for 127.0.0.1 at 2010-08-02 23:32:11) [GET]

ActionController::RoutingError (No route matches "/stylesheets/jquery-ui-1.7.2.css" with {:method=>:get}):
  

Rendering rescues/layout (not_found)
  [4;35;1mSQL (0.1ms)[0m   [0mSET SQL_AUTO_IS_NULL=0[0m


Processing HomeController#index (for 127.0.0.1 at 2010-08-02 23:32:19) [GET]
  [4;36;1mImages Load (0.3ms)[0m   [0;1mSELECT * FROM `images` [0m
Rendering template within layouts/application
Rendering home/index
  [4;35;1mImages Columns (0.9ms)[0m   [0mSHOW FIELDS FROM `images`[0m
Completed in 7ms (View: 3, DB: 1) | 200 OK [http://localhost/home]
  [4;36;1mSQL (0.1ms)[0m   [0;1mSET SQL_AUTO_IS_NULL=0[0m


Processing ApplicationController#index (for 127.0.0.1 at 2010-08-02 23:32:19) [GET]

ActionController::RoutingError (No route matches "/stylesheets/jquery-ui-1.7.2.css" with {:method=>:get}):
  

Rendering rescues/layout (not_found)
  [4;35;1mSQL (0.1ms)[0m   [0mSET SQL_AUTO_IS_NULL=0[0m


Processing ApplicationController#index (for 127.0.0.1 at 2010-08-02 23:32:19) [GET]

ActionController::RoutingError (No route matches "/stylesheets/jquery-ui-1.7.2.css" with {:method=>:get}):
  

Rendering rescues/layout (not_found)
  [4;36;1mSQL (0.1ms)[0m   [0;1mSET SQL_AUTO_IS_NULL=0[0m


Processing HomeController#index (for 127.0.0.1 at 2010-08-02 23:34:21) [GET]
  [4;35;1mImages Load (0.4ms)[0m   [0mSELECT * FROM `images` [0m
Rendering template within layouts/application
Rendering home/index
  [4;36;1mImages Columns (1.0ms)[0m   [0;1mSHOW FIELDS FROM `images`[0m
Completed in 9ms (View: 3, DB: 2) | 200 OK [http://localhost/home]
  [4;35;1mSQL (0.1ms)[0m   [0mSET SQL_AUTO_IS_NULL=0[0m


Processing ApplicationController#index (for 127.0.0.1 at 2010-08-02 23:34:21) [GET]

ActionController::RoutingError (No route matches "/stylesheets/jquery-ui-1.7.2.css" with {:method=>:get}):
  

Rendering rescues/layout (not_found)
  [4;36;1mSQL (0.1ms)[0m   [0;1mSET SQL_AUTO_IS_NULL=0[0m


Processing ApplicationController#index (for 127.0.0.1 at 2010-08-02 23:34:21) [GET]

ActionController::RoutingError (No route matches "/stylesheets/jquery-ui-1.7.2.css" with {:method=>:get}):
  

Rendering rescues/layout (not_found)
  [4;35;1mSQL (0.1ms)[0m   [0mSET SQL_AUTO_IS_NULL=0[0m


Processing HomeController#index (for 127.0.0.1 at 2010-08-02 23:35:56) [GET]
  [4;36;1mImages Load (0.3ms)[0m   [0;1mSELECT * FROM `images` [0m
Rendering template within layouts/application
Rendering home/index
  [4;35;1mImages Columns (1.0ms)[0m   [0mSHOW FIELDS FROM `images`[0m
Completed in 8ms (View: 3, DB: 1) | 200 OK [http://localhost/home]
  [4;36;1mSQL (0.1ms)[0m   [0;1mSET SQL_AUTO_IS_NULL=0[0m


Processing ApplicationController#index (for 127.0.0.1 at 2010-08-02 23:35:56) [GET]

ActionController::RoutingError (No route matches "/stylesheets/jquery-ui-1.7.2.css" with {:method=>:get}):
  

Rendering rescues/layout (not_found)
  [4;35;1mSQL (0.1ms)[0m   [0mSET SQL_AUTO_IS_NULL=0[0m


Processing ApplicationController#index (for 127.0.0.1 at 2010-08-02 23:35:56) [GET]

ActionController::RoutingError (No route matches "/stylesheets/jquery-ui-1.7.2.css" with {:method=>:get}):
  

Rendering rescues/layout (not_found)
  [4;36;1mSQL (0.1ms)[0m   [0;1mSET SQL_AUTO_IS_NULL=0[0m


Processing HomeController#index (for 127.0.0.1 at 2010-08-02 23:35:58) [GET]
  [4;35;1mImages Load (0.3ms)[0m   [0mSELECT * FROM `images` [0m
Rendering template within layouts/application
Rendering home/index
  [4;36;1mImages Columns (1.0ms)[0m   [0;1mSHOW FIELDS FROM `images`[0m
Completed in 7ms (View: 3, DB: 1) | 200 OK [http://localhost/home]
  [4;35;1mSQL (0.1ms)[0m   [0mSET SQL_AUTO_IS_NULL=0[0m


Processing ApplicationController#index (for 127.0.0.1 at 2010-08-02 23:35:58) [GET]

ActionController::RoutingError (No route matches "/stylesheets/jquery-ui-1.7.2.css" with {:method=>:get}):
  

Rendering rescues/layout (not_found)
  [4;36;1mSQL (0.1ms)[0m   [0;1mSET SQL_AUTO_IS_NULL=0[0m


Processing ApplicationController#index (for 127.0.0.1 at 2010-08-02 23:35:58) [GET]

ActionController::RoutingError (No route matches "/stylesheets/jquery-ui-1.7.2.css" with {:method=>:get}):
  

Rendering rescues/layout (not_found)
  [4;35;1mSQL (0.1ms)[0m   [0mSET SQL_AUTO_IS_NULL=0[0m


Processing HomeController#index (for 127.0.0.1 at 2010-08-03 08:02:06) [GET]
  [4;36;1mImages Load (0.3ms)[0m   [0;1mSELECT * FROM `images` [0m
Rendering template within layouts/application
Rendering home/index
  [4;35;1mImages Columns (1.0ms)[0m   [0mSHOW FIELDS FROM `images`[0m
Completed in 7ms (View: 3, DB: 1) | 200 OK [http://localhost/home]
  [4;36;1mSQL (0.1ms)[0m   [0;1mSET SQL_AUTO_IS_NULL=0[0m


Processing ApplicationController#index (for 127.0.0.1 at 2010-08-03 08:02:06) [GET]

ActionController::RoutingError (No route matches "/stylesheets/jquery-ui-1.7.2.css" with {:method=>:get}):
  

Rendering rescues/layout (not_found)
  [4;35;1mSQL (0.1ms)[0m   [0mSET SQL_AUTO_IS_NULL=0[0m


Processing ApplicationController#index (for 127.0.0.1 at 2010-08-03 08:02:08) [GET]

ActionController::RoutingError (No route matches "/images/favicon.ico" with {:method=>:get}):
  

Rendering rescues/layout (not_found)
  [4;36;1mSQL (38.3ms)[0m   [0;1mSET SQL_AUTO_IS_NULL=0[0m


Processing ApplicationController#index (for 127.0.0.1 at 2010-08-03 13:28:26) [GET]

ActionController::RoutingError (No route matches "/javascripts/prototype.js" with {:method=>:get}):
  

Rendering rescues/layout (not_found)
  [4;35;1mSQL (0.1ms)[0m   [0mSET SQL_AUTO_IS_NULL=0[0m


Processing ApplicationController#index (for 127.0.0.1 at 2010-08-03 13:28:27) [GET]

ActionController::RoutingError (No route matches "/javascripts/effects.js" with {:method=>:get}):
  

Rendering rescues/layout (not_found)
  [4;36;1mSQL (0.1ms)[0m   [0;1mSET SQL_AUTO_IS_NULL=0[0m


Processing ApplicationController#index (for 127.0.0.1 at 2010-08-03 13:28:27) [GET]

ActionController::RoutingError (No route matches "/javascripts/effects.js" with {:method=>:get}):
  

Rendering rescues/layout (not_found)
  [4;35;1mSQL (0.1ms)[0m   [0mSET SQL_AUTO_IS_NULL=0[0m


Processing HomeController#index (for 127.0.0.1 at 2010-08-03 13:28:31) [GET]
  [4;36;1mImages Load (58.8ms)[0m   [0;1mSELECT * FROM `images` [0m
Rendering template within layouts/application
Rendering home/index
  [4;35;1mImages Columns (20.1ms)[0m   [0mSHOW FIELDS FROM `images`[0m
Completed in 237ms (View: 137, DB: 79) | 200 OK [http://localhost/home]
  [4;36;1mSQL (0.1ms)[0m   [0;1mSET SQL_AUTO_IS_NULL=0[0m


Processing ApplicationController#index (for 127.0.0.1 at 2010-08-03 13:28:32) [GET]

ActionController::RoutingError (No route matches "/stylesheets/jquery-ui-1.7.2.css" with {:method=>:get}):
  

Rendering rescues/layout (not_found)
  [4;35;1mSQL (0.1ms)[0m   [0mSET SQL_AUTO_IS_NULL=0[0m


Processing ApplicationController#index (for 127.0.0.1 at 2010-08-03 13:28:32) [GET]

ActionController::RoutingError (No route matches "/stylesheets/jquery-ui-1.7.2.css" with {:method=>:get}):
  

Rendering rescues/layout (not_found)
  [4;36;1mSQL (0.2ms)[0m   [0;1mSET SQL_AUTO_IS_NULL=0[0m


Processing HomeController#index (for 127.0.0.1 at 2010-08-03 13:29:04) [GET]
  [4;35;1mImages Load (0.3ms)[0m   [0mSELECT * FROM `images` [0m
Rendering template within layouts/application
Rendering home/index
  [4;36;1mImages Columns (1.0ms)[0m   [0;1mSHOW FIELDS FROM `images`[0m
Completed in 29ms (View: 3, DB: 1) | 200 OK [http://localhost/home]
  [4;35;1mSQL (0.1ms)[0m   [0mSET SQL_AUTO_IS_NULL=0[0m


Processing ApplicationController#index (for 127.0.0.1 at 2010-08-03 13:29:04) [GET]

ActionController::RoutingError (No route matches "/stylesheets/jquery-ui-1.7.2.css" with {:method=>:get}):
  

Rendering rescues/layout (not_found)
  [4;36;1mSQL (0.1ms)[0m   [0;1mSET SQL_AUTO_IS_NULL=0[0m


Processing ApplicationController#index (for 127.0.0.1 at 2010-08-03 13:29:04) [GET]

ActionController::RoutingError (No route matches "/stylesheets/jquery-ui-1.7.2.css" with {:method=>:get}):
  

Rendering rescues/layout (not_found)
  [4;35;1mSQL (0.1ms)[0m   [0mSET SQL_AUTO_IS_NULL=0[0m


Processing HomeController#index (for 127.0.0.1 at 2010-08-03 13:29:28) [GET]
  [4;36;1mImages Load (0.4ms)[0m   [0;1mSELECT * FROM `images` [0m
Rendering template within layouts/application
Rendering home/index
  [4;35;1mImages Columns (1.4ms)[0m   [0mSHOW FIELDS FROM `images`[0m
Completed in 40ms (View: 4, DB: 2) | 200 OK [http://localhost/home]
  [4;36;1mSQL (0.1ms)[0m   [0;1mSET SQL_AUTO_IS_NULL=0[0m


Processing ApplicationController#index (for 127.0.0.1 at 2010-08-03 13:29:28) [GET]

ActionController::RoutingError (No route matches "/stylesheets/jquery-ui-1.7.2.css" with {:method=>:get}):
  

Rendering rescues/layout (not_found)
  [4;35;1mSQL (0.2ms)[0m   [0mSET SQL_AUTO_IS_NULL=0[0m


Processing ApplicationController#index (for 127.0.0.1 at 2010-08-03 13:29:28) [GET]

ActionController::RoutingError (No route matches "/stylesheets/jquery-ui-1.7.2.css" with {:method=>:get}):
  

Rendering rescues/layout (not_found)
  [4;36;1mSQL (0.1ms)[0m   [0;1mSET SQL_AUTO_IS_NULL=0[0m


Processing HomeController#index (for 127.0.0.1 at 2010-08-03 13:30:08) [GET]
  [4;35;1mImages Load (0.3ms)[0m   [0mSELECT * FROM `images` [0m
Rendering template within layouts/application
Rendering home/index
  [4;36;1mImages Columns (1.0ms)[0m   [0;1mSHOW FIELDS FROM `images`[0m
Completed in 7ms (View: 3, DB: 1) | 200 OK [http://localhost/home]
  [4;35;1mSQL (0.1ms)[0m   [0mSET SQL_AUTO_IS_NULL=0[0m


Processing ApplicationController#index (for 127.0.0.1 at 2010-08-03 13:30:08) [GET]

ActionController::RoutingError (No route matches "/stylesheets/jquery-ui-1.7.2.css" with {:method=>:get}):
  

Rendering rescues/layout (not_found)
  [4;36;1mSQL (0.1ms)[0m   [0;1mSET SQL_AUTO_IS_NULL=0[0m


Processing ApplicationController#index (for 127.0.0.1 at 2010-08-03 13:30:09) [GET]

ActionController::RoutingError (No route matches "/stylesheets/jquery-ui-1.7.2.css" with {:method=>:get}):
  

Rendering rescues/layout (not_found)
  [4;35;1mSQL (0.1ms)[0m   [0mSET SQL_AUTO_IS_NULL=0[0m


Processing HomeController#index (for 127.0.0.1 at 2010-08-03 13:30:17) [GET]
  [4;36;1mImages Load (0.3ms)[0m   [0;1mSELECT * FROM `images` [0m
Rendering template within layouts/application
Rendering home/index
  [4;35;1mImages Columns (1.0ms)[0m   [0mSHOW FIELDS FROM `images`[0m
Completed in 7ms (View: 3, DB: 1) | 200 OK [http://localhost/home]
  [4;36;1mSQL (0.1ms)[0m   [0;1mSET SQL_AUTO_IS_NULL=0[0m


Processing ApplicationController#index (for 127.0.0.1 at 2010-08-03 13:30:18) [GET]

ActionController::RoutingError (No route matches "/stylesheets/jquery-ui-1.7.2.css" with {:method=>:get}):
  

Rendering rescues/layout (not_found)
  [4;35;1mSQL (0.1ms)[0m   [0mSET SQL_AUTO_IS_NULL=0[0m


Processing ApplicationController#index (for 127.0.0.1 at 2010-08-03 13:30:18) [GET]

ActionController::RoutingError (No route matches "/stylesheets/jquery-ui-1.7.2.css" with {:method=>:get}):
  

Rendering rescues/layout (not_found)
  [4;36;1mSQL (0.1ms)[0m   [0;1mSET SQL_AUTO_IS_NULL=0[0m


Processing HomeController#index (for 127.0.0.1 at 2010-08-03 13:31:17) [GET]
  [4;35;1mImages Load (0.3ms)[0m   [0mSELECT * FROM `images` [0m
Rendering template within layouts/application
Rendering home/index
  [4;36;1mImages Columns (1.0ms)[0m   [0;1mSHOW FIELDS FROM `images`[0m
Completed in 8ms (View: 3, DB: 1) | 200 OK [http://localhost/home]
  [4;35;1mSQL (0.1ms)[0m   [0mSET SQL_AUTO_IS_NULL=0[0m


Processing ApplicationController#index (for 127.0.0.1 at 2010-08-03 13:31:17) [GET]

ActionController::RoutingError (No route matches "/stylesheets/jquery-ui-1.7.2.css" with {:method=>:get}):
  

Rendering rescues/layout (not_found)
  [4;36;1mSQL (0.1ms)[0m   [0;1mSET SQL_AUTO_IS_NULL=0[0m


Processing ApplicationController#index (for 127.0.0.1 at 2010-08-03 13:31:18) [GET]

ActionController::RoutingError (No route matches "/stylesheets/jquery-ui-1.7.2.css" with {:method=>:get}):
  

Rendering rescues/layout (not_found)
  [4;36;1mSQL (0.1ms)[0m   [0;1mSET SQL_AUTO_IS_NULL=0[0m


Processing ApplicationController#index (for 127.0.0.1 at 2010-08-03 13:42:41) [GET]

ActionController::RoutingError (No route matches "/javascripts/prototype.js" with {:method=>:get}):
  

Rendering rescues/layout (not_found)
  [4;35;1mSQL (0.1ms)[0m   [0mSET SQL_AUTO_IS_NULL=0[0m


Processing ApplicationController#index (for 127.0.0.1 at 2010-08-03 13:42:41) [GET]

ActionController::RoutingError (No route matches "/javascripts/effects.js" with {:method=>:get}):
  

Rendering rescues/layout (not_found)
  [4;36;1mSQL (0.1ms)[0m   [0;1mSET SQL_AUTO_IS_NULL=0[0m


Processing ApplicationController#index (for 127.0.0.1 at 2010-08-03 13:42:41) [GET]

ActionController::RoutingError (No route matches "/javascripts/effects.js" with {:method=>:get}):
  

Rendering rescues/layout (not_found)
  [4;35;1mSQL (0.1ms)[0m   [0mSET SQL_AUTO_IS_NULL=0[0m


Processing ApplicationController#index (for 127.0.0.1 at 2010-08-03 13:42:42) [GET]

ActionController::RoutingError (No route matches "/javascripts/prototype.js" with {:method=>:get}):
  

Rendering rescues/layout (not_found)
  [4;36;1mSQL (0.1ms)[0m   [0;1mSET SQL_AUTO_IS_NULL=0[0m


Processing ApplicationController#index (for 127.0.0.1 at 2010-08-03 13:42:42) [GET]

ActionController::RoutingError (No route matches "/javascripts/effects.js" with {:method=>:get}):
  

Rendering rescues/layout (not_found)
  [4;35;1mSQL (0.1ms)[0m   [0mSET SQL_AUTO_IS_NULL=0[0m


Processing HomeController#index (for 127.0.0.1 at 2010-08-03 13:42:47) [GET]
  [4;36;1mImages Load (0.3ms)[0m   [0;1mSELECT * FROM `images` [0m
Rendering template within layouts/application
Rendering home/index
  [4;35;1mImages Columns (31.2ms)[0m   [0mSHOW FIELDS FROM `images`[0m
Completed in 148ms (View: 113, DB: 32) | 200 OK [http://localhost/home]
  [4;36;1mSQL (0.3ms)[0m   [0;1mSET SQL_AUTO_IS_NULL=0[0m


Processing ApplicationController#index (for 127.0.0.1 at 2010-08-03 13:42:47) [GET]

ActionController::RoutingError (No route matches "/stylesheets/jquery-ui-1.7.2.css" with {:method=>:get}):
  

Rendering rescues/layout (not_found)
  [4;35;1mSQL (0.1ms)[0m   [0mSET SQL_AUTO_IS_NULL=0[0m


Processing HomeController#index (for 127.0.0.1 at 2010-08-03 13:42:49) [GET]
  [4;36;1mImages Load (0.3ms)[0m   [0;1mSELECT * FROM `images` [0m
Rendering template within layouts/application
Rendering home/index
  [4;35;1mImages Columns (1.3ms)[0m   [0mSHOW FIELDS FROM `images`[0m
Completed in 8ms (View: 3, DB: 2) | 200 OK [http://localhost/home]
  [4;36;1mSQL (0.1ms)[0m   [0;1mSET SQL_AUTO_IS_NULL=0[0m


Processing ApplicationController#index (for 127.0.0.1 at 2010-08-03 13:42:50) [GET]

ActionController::RoutingError (No route matches "/stylesheets/jquery-ui-1.7.2.css" with {:method=>:get}):
  

Rendering rescues/layout (not_found)
  [4;35;1mSQL (0.1ms)[0m   [0mSET SQL_AUTO_IS_NULL=0[0m


Processing ApplicationController#index (for 127.0.0.1 at 2010-08-03 13:42:50) [GET]

ActionController::RoutingError (No route matches "/stylesheets/jquery-ui-1.7.2.css" with {:method=>:get}):
  

Rendering rescues/layout (not_found)
  [4;36;1mSQL (0.1ms)[0m   [0;1mSET SQL_AUTO_IS_NULL=0[0m


Processing HomeController#index (for 127.0.0.1 at 2010-08-03 13:43:41) [GET]
  [4;35;1mImages Load (0.3ms)[0m   [0mSELECT * FROM `images` [0m
Rendering template within layouts/application
Rendering home/index
  [4;36;1mImages Columns (1.4ms)[0m   [0;1mSHOW FIELDS FROM `images`[0m
Completed in 9ms (View: 4, DB: 2) | 200 OK [http://localhost/home]
  [4;35;1mSQL (0.1ms)[0m   [0mSET SQL_AUTO_IS_NULL=0[0m


Processing ApplicationController#index (for 127.0.0.1 at 2010-08-03 13:43:41) [GET]

ActionController::RoutingError (No route matches "/stylesheets/jquery-ui-1.7.2.css" with {:method=>:get}):
  

Rendering rescues/layout (not_found)
  [4;36;1mSQL (0.1ms)[0m   [0;1mSET SQL_AUTO_IS_NULL=0[0m


Processing ApplicationController#index (for 127.0.0.1 at 2010-08-03 13:43:41) [GET]

ActionController::RoutingError (No route matches "/stylesheets/jquery-ui-1.7.2.css" with {:method=>:get}):
  

Rendering rescues/layout (not_found)
  [4;35;1mSQL (0.1ms)[0m   [0mSET SQL_AUTO_IS_NULL=0[0m


Processing HomeController#index (for 127.0.0.1 at 2010-08-03 13:44:49) [GET]
  [4;36;1mImages Load (0.3ms)[0m   [0;1mSELECT * FROM `images` [0m
Rendering template within layouts/application
Rendering home/index
  [4;35;1mImages Columns (1.2ms)[0m   [0mSHOW FIELDS FROM `images`[0m
Completed in 9ms (View: 4, DB: 2) | 200 OK [http://localhost/home]
  [4;36;1mSQL (0.1ms)[0m   [0;1mSET SQL_AUTO_IS_NULL=0[0m


Processing ApplicationController#index (for 127.0.0.1 at 2010-08-03 13:44:49) [GET]

ActionController::RoutingError (No route matches "/stylesheets/jquery-ui-1.7.2.css" with {:method=>:get}):
  

Rendering rescues/layout (not_found)
  [4;35;1mSQL (0.1ms)[0m   [0mSET SQL_AUTO_IS_NULL=0[0m


Processing ApplicationController#index (for 127.0.0.1 at 2010-08-03 13:44:49) [GET]

ActionController::RoutingError (No route matches "/stylesheets/jquery-ui-1.7.2.css" with {:method=>:get}):
  

Rendering rescues/layout (not_found)
  [4;36;1mSQL (0.1ms)[0m   [0;1mSET SQL_AUTO_IS_NULL=0[0m


Processing HomeController#index (for 127.0.0.1 at 2010-08-03 13:46:09) [GET]
  [4;35;1mImages Load (0.4ms)[0m   [0mSELECT * FROM `images` [0m
Rendering template within layouts/application
Rendering home/index
  [4;36;1mImages Columns (1.0ms)[0m   [0;1mSHOW FIELDS FROM `images`[0m
Completed in 8ms (View: 3, DB: 2) | 200 OK [http://localhost/home]
  [4;35;1mSQL (0.1ms)[0m   [0mSET SQL_AUTO_IS_NULL=0[0m


Processing ApplicationController#index (for 127.0.0.1 at 2010-08-03 13:46:09) [GET]

ActionController::RoutingError (No route matches "/stylesheets/jquery-ui-1.7.2.css" with {:method=>:get}):
  

Rendering rescues/layout (not_found)
  [4;36;1mSQL (0.1ms)[0m   [0;1mSET SQL_AUTO_IS_NULL=0[0m


Processing ApplicationController#index (for 127.0.0.1 at 2010-08-03 13:46:09) [GET]

ActionController::RoutingError (No route matches "/stylesheets/jquery-ui-1.7.2.css" with {:method=>:get}):
  

Rendering rescues/layout (not_found)
  [4;35;1mSQL (0.1ms)[0m   [0mSET SQL_AUTO_IS_NULL=0[0m


Processing HomeController#index (for 127.0.0.1 at 2010-08-03 13:46:16) [GET]
  [4;36;1mImages Load (0.3ms)[0m   [0;1mSELECT * FROM `images` [0m
Rendering template within layouts/application
Rendering home/index
  [4;35;1mImages Columns (1.0ms)[0m   [0mSHOW FIELDS FROM `images`[0m
Completed in 8ms (View: 3, DB: 1) | 200 OK [http://localhost/home]
  [4;36;1mSQL (0.1ms)[0m   [0;1mSET SQL_AUTO_IS_NULL=0[0m


Processing ApplicationController#index (for 127.0.0.1 at 2010-08-03 13:46:16) [GET]

ActionController::RoutingError (No route matches "/stylesheets/jquery-ui-1.7.2.css" with {:method=>:get}):
  

Rendering rescues/layout (not_found)
  [4;35;1mSQL (0.1ms)[0m   [0mSET SQL_AUTO_IS_NULL=0[0m


Processing ApplicationController#index (for 127.0.0.1 at 2010-08-03 13:46:16) [GET]

ActionController::RoutingError (No route matches "/stylesheets/jquery-ui-1.7.2.css" with {:method=>:get}):
  

Rendering rescues/layout (not_found)
  [4;36;1mSQL (0.1ms)[0m   [0;1mSET SQL_AUTO_IS_NULL=0[0m


Processing HomeController#index (for 127.0.0.1 at 2010-08-03 13:50:33) [GET]
  [4;35;1mImages Load (0.3ms)[0m   [0mSELECT * FROM `images` [0m
Rendering template within layouts/application
Rendering home/index
  [4;36;1mImages Columns (1.0ms)[0m   [0;1mSHOW FIELDS FROM `images`[0m
Completed in 8ms (View: 3, DB: 1) | 200 OK [http://localhost/home]
  [4;35;1mSQL (0.1ms)[0m   [0mSET SQL_AUTO_IS_NULL=0[0m


Processing ApplicationController#index (for 127.0.0.1 at 2010-08-03 13:50:33) [GET]

ActionController::RoutingError (No route matches "/stylesheets/jquery-ui-1.7.2.css" with {:method=>:get}):
  

Rendering rescues/layout (not_found)
  [4;36;1mSQL (0.1ms)[0m   [0;1mSET SQL_AUTO_IS_NULL=0[0m


Processing ApplicationController#index (for 127.0.0.1 at 2010-08-03 13:50:33) [GET]

ActionController::RoutingError (No route matches "/stylesheets/jquery-ui-1.7.2.css" with {:method=>:get}):
  

Rendering rescues/layout (not_found)
  [4;35;1mSQL (0.1ms)[0m   [0mSET SQL_AUTO_IS_NULL=0[0m


Processing HomeController#index (for 127.0.0.1 at 2010-08-03 13:50:59) [GET]
  [4;36;1mImages Load (0.3ms)[0m   [0;1mSELECT * FROM `images` [0m
Rendering template within layouts/application
Rendering home/index
  [4;35;1mImages Columns (1.2ms)[0m   [0mSHOW FIELDS FROM `images`[0m
Completed in 8ms (View: 3, DB: 2) | 200 OK [http://localhost/home]
  [4;36;1mSQL (0.1ms)[0m   [0;1mSET SQL_AUTO_IS_NULL=0[0m


Processing ApplicationController#index (for 127.0.0.1 at 2010-08-03 13:50:59) [GET]

ActionController::RoutingError (No route matches "/stylesheets/jquery-ui-1.7.2.css" with {:method=>:get}):
  

Rendering rescues/layout (not_found)
  [4;35;1mSQL (0.1ms)[0m   [0mSET SQL_AUTO_IS_NULL=0[0m


Processing ApplicationController#index (for 127.0.0.1 at 2010-08-03 13:50:59) [GET]

ActionController::RoutingError (No route matches "/stylesheets/jquery-ui-1.7.2.css" with {:method=>:get}):
  

Rendering rescues/layout (not_found)
  [4;36;1mSQL (0.1ms)[0m   [0;1mSET SQL_AUTO_IS_NULL=0[0m


Processing HomeController#index (for 127.0.0.1 at 2010-08-03 13:52:36) [GET]
  [4;35;1mImages Load (0.3ms)[0m   [0mSELECT * FROM `images` [0m
Rendering template within layouts/application
Rendering home/index
  [4;36;1mImages Columns (1.0ms)[0m   [0;1mSHOW FIELDS FROM `images`[0m
Completed in 8ms (View: 3, DB: 1) | 200 OK [http://localhost/home]
  [4;35;1mSQL (0.1ms)[0m   [0mSET SQL_AUTO_IS_NULL=0[0m


Processing ApplicationController#index (for 127.0.0.1 at 2010-08-03 13:52:36) [GET]

ActionController::RoutingError (No route matches "/stylesheets/jquery-ui-1.7.2.css" with {:method=>:get}):
  

Rendering rescues/layout (not_found)
  [4;36;1mSQL (0.1ms)[0m   [0;1mSET SQL_AUTO_IS_NULL=0[0m


Processing ApplicationController#index (for 127.0.0.1 at 2010-08-03 13:52:37) [GET]

ActionController::RoutingError (No route matches "/stylesheets/jquery-ui-1.7.2.css" with {:method=>:get}):
  

Rendering rescues/layout (not_found)
  [4;35;1mSQL (0.1ms)[0m   [0mSET SQL_AUTO_IS_NULL=0[0m


Processing HomeController#index (for 127.0.0.1 at 2010-08-03 13:56:43) [GET]
  [4;36;1mImages Load (0.3ms)[0m   [0;1mSELECT * FROM `images` [0m
Rendering template within layouts/application
Rendering home/index
  [4;35;1mImages Columns (25.1ms)[0m   [0mSHOW FIELDS FROM `images`[0m
Completed in 47ms (View: 18, DB: 25) | 200 OK [http://localhost/home]
  [4;36;1mSQL (0.1ms)[0m   [0;1mSET SQL_AUTO_IS_NULL=0[0m


Processing ApplicationController#index (for 127.0.0.1 at 2010-08-03 13:56:43) [GET]

ActionController::RoutingError (No route matches "/stylesheets/jquery-ui-1.7.2.css" with {:method=>:get}):
  

Rendering rescues/layout (not_found)
  [4;35;1mSQL (0.1ms)[0m   [0mSET SQL_AUTO_IS_NULL=0[0m


Processing ApplicationController#index (for 127.0.0.1 at 2010-08-03 13:56:44) [GET]

ActionController::RoutingError (No route matches "/stylesheets/jquery-ui-1.7.2.css" with {:method=>:get}):
  

Rendering rescues/layout (not_found)
  [4;36;1mSQL (0.1ms)[0m   [0;1mSET SQL_AUTO_IS_NULL=0[0m


Processing HomeController#index (for 127.0.0.1 at 2010-08-03 13:56:51) [GET]
  [4;35;1mImages Load (0.3ms)[0m   [0mSELECT * FROM `images` [0m
Rendering template within layouts/application
Rendering home/index
  [4;36;1mImages Columns (0.9ms)[0m   [0;1mSHOW FIELDS FROM `images`[0m
Completed in 7ms (View: 3, DB: 1) | 200 OK [http://localhost/home]
  [4;35;1mSQL (0.1ms)[0m   [0mSET SQL_AUTO_IS_NULL=0[0m


Processing ApplicationController#index (for 127.0.0.1 at 2010-08-03 13:56:52) [GET]

ActionController::RoutingError (No route matches "/stylesheets/jquery-ui-1.7.2.css" with {:method=>:get}):
  

Rendering rescues/layout (not_found)
  [4;36;1mSQL (0.1ms)[0m   [0;1mSET SQL_AUTO_IS_NULL=0[0m


Processing ApplicationController#index (for 127.0.0.1 at 2010-08-03 13:56:52) [GET]

ActionController::RoutingError (No route matches "/stylesheets/jquery-ui-1.7.2.css" with {:method=>:get}):
  

Rendering rescues/layout (not_found)
  [4;35;1mSQL (0.1ms)[0m   [0mSET SQL_AUTO_IS_NULL=0[0m


Processing HomeController#index (for 127.0.0.1 at 2010-08-03 14:00:04) [GET]
  [4;36;1mImages Load (0.4ms)[0m   [0;1mSELECT * FROM `images` [0m
Rendering template within layouts/application
Rendering home/index
  [4;35;1mImages Columns (1.0ms)[0m   [0mSHOW FIELDS FROM `images`[0m
Completed in 8ms (View: 3, DB: 2) | 200 OK [http://localhost/home]
  [4;36;1mSQL (0.1ms)[0m   [0;1mSET SQL_AUTO_IS_NULL=0[0m


Processing ApplicationController#index (for 127.0.0.1 at 2010-08-03 14:00:04) [GET]

ActionController::RoutingError (No route matches "/stylesheets/jquery-ui-1.7.2.css" with {:method=>:get}):
  

Rendering rescues/layout (not_found)
  [4;35;1mSQL (2.0ms)[0m   [0mSET SQL_AUTO_IS_NULL=0[0m


Processing ApplicationController#index (for 127.0.0.1 at 2010-08-03 14:00:05) [GET]

ActionController::RoutingError (No route matches "/stylesheets/jquery-ui-1.7.2.css" with {:method=>:get}):
  

Rendering rescues/layout (not_found)
